_YALCmain.c
_exit.c
abort.c
abs.c
assert.c
environ.c
errno.c
execve.c
exit.c
exits.c
fchown.c
fork.c
fstat.c
fwstat.c
getgrnam.c
isatty.c
lchown.c
lock.s
lstat.c
malloc.c
port.s
read.c
stat.c
strtoll.c
syscall.s
write.c
ctype/isspace.c
ctype/isupper.c
ctype/tolower.c
dirent/closedir.c
dirent/fdopendir.c
dirent/opendir.c
dirent/readdir.c
string/basename.c
string/itoa.c
string/memcmp.c
string/memmove.c
string/memset.s
string/strcat.c
string/strcmp.c
string/strchr.c
string/strcpy.c
string/strdup.c
string/strlcpy.c
string/strerror.c
string/strlen.c
string/strncmp.c
string/strndup.c
string/strrchr.c
string/strstr.c
stream/fclose.c
stream/ferror.c
stream/fflush.c
stream/fprintf.c
stream/fputc.c
stream/fputs.c
stream/fread.c
stream/fwrite.c
stream/perror.c
stream/printf.c
stream/putchar.c
stream/puts.c
stream/stream.c
stream/vfprintf.c
stream/vprintf.c
time/localtime.c
time/time.c
